2019-06-02 15:50:55,886 [10] ERROR WeatherService.Controllers.WeatherServiceController - Error ocurred in GetDataFromCsvFile Method
System.IO.FileNotFoundException: Could not find file 'C:\outputfolder\'citylist.csv'.csv'.
File name: 'C:\outputfolder\'citylist.csv'.csv'
   at System.IO.__Error.WinIOError(Int32 errorCode, String maybeFullPath)
   at System.IO.FileStream.Init(String path, FileMode mode, FileAccess access, Int32 rights, Boolean useRights, FileShare share, Int32 bufferSize, FileOptions options, SECURITY_ATTRIBUTES secAttrs, String msgPath, Boolean bFromProxy, Boolean useLongPath, Boolean checkHost)
   at System.IO.FileStream..ctor(String path, FileMode mode, FileAccess access, FileShare share, Int32 bufferSize, FileOptions options, String msgPath, Boolean bFromProxy, Boolean useLongPath, Boolean checkHost)
   at System.IO.StreamReader..ctor(String path, Encoding encoding, Boolean detectEncodingFromByteOrderMarks, Int32 bufferSize, Boolean checkHost)
   at System.IO.StreamReader..ctor(String path)
   at WeatherService.Controllers.WeatherServiceController.GetDataFromCsvFile(String fileName) in C:\Users\nshete\Documents\Visual Studio 2017\Projects\WeatherService\WeatherService\Controllers\WeatherServiceController.cs:line 82
2019-06-02 15:50:55,933 [10] ERROR WeatherService.Controllers.WeatherServiceController - Error ocurred in GetWeather Data Method
System.IO.FileNotFoundException: Could not find file 'C:\outputfolder\'citylist.csv'.csv'.
File name: 'C:\outputfolder\'citylist.csv'.csv'
   at WeatherService.Controllers.WeatherServiceController.GetDataFromCsvFile(String fileName) in C:\Users\nshete\Documents\Visual Studio 2017\Projects\WeatherService\WeatherService\Controllers\WeatherServiceController.cs:line 99
   at WeatherService.Controllers.WeatherServiceController.<GetWeatherData>d__1.MoveNext() in C:\Users\nshete\Documents\Visual Studio 2017\Projects\WeatherService\WeatherService\Controllers\WeatherServiceController.cs:line 34
2019-06-02 15:51:52,256 [10] ERROR WeatherService.Controllers.WeatherServiceController - Error ocurred in GetDataFromCsvFile Method
System.IO.FileNotFoundException: Could not find file 'C:\outputfolder\'citylist.csv'.csv'.
File name: 'C:\outputfolder\'citylist.csv'.csv'
   at System.IO.__Error.WinIOError(Int32 errorCode, String maybeFullPath)
   at System.IO.FileStream.Init(String path, FileMode mode, FileAccess access, Int32 rights, Boolean useRights, FileShare share, Int32 bufferSize, FileOptions options, SECURITY_ATTRIBUTES secAttrs, String msgPath, Boolean bFromProxy, Boolean useLongPath, Boolean checkHost)
   at System.IO.FileStream..ctor(String path, FileMode mode, FileAccess access, FileShare share, Int32 bufferSize, FileOptions options, String msgPath, Boolean bFromProxy, Boolean useLongPath, Boolean checkHost)
   at System.IO.StreamReader..ctor(String path, Encoding encoding, Boolean detectEncodingFromByteOrderMarks, Int32 bufferSize, Boolean checkHost)
   at System.IO.StreamReader..ctor(String path)
   at WeatherService.Controllers.WeatherServiceController.GetDataFromCsvFile(String fileName) in C:\Users\nshete\Documents\Visual Studio 2017\Projects\WeatherService\WeatherService\Controllers\WeatherServiceController.cs:line 82
2019-06-02 15:51:52,279 [10] ERROR WeatherService.Controllers.WeatherServiceController - Error ocurred in GetWeather Data Method
System.IO.FileNotFoundException: Could not find file 'C:\outputfolder\'citylist.csv'.csv'.
File name: 'C:\outputfolder\'citylist.csv'.csv'
   at WeatherService.Controllers.WeatherServiceController.GetDataFromCsvFile(String fileName) in C:\Users\nshete\Documents\Visual Studio 2017\Projects\WeatherService\WeatherService\Controllers\WeatherServiceController.cs:line 99
   at WeatherService.Controllers.WeatherServiceController.<GetWeatherData>d__1.MoveNext() in C:\Users\nshete\Documents\Visual Studio 2017\Projects\WeatherService\WeatherService\Controllers\WeatherServiceController.cs:line 34
2019-06-02 15:55:22,195 [14] ERROR WeatherService.Controllers.WeatherServiceController - Error ocurred in GetDataFromCsvFile Method
System.IO.FileNotFoundException: Could not find file 'C:\outputfolder\'citylist.csv'.csv'.
File name: 'C:\outputfolder\'citylist.csv'.csv'
   at System.IO.__Error.WinIOError(Int32 errorCode, String maybeFullPath)
   at System.IO.FileStream.Init(String path, FileMode mode, FileAccess access, Int32 rights, Boolean useRights, FileShare share, Int32 bufferSize, FileOptions options, SECURITY_ATTRIBUTES secAttrs, String msgPath, Boolean bFromProxy, Boolean useLongPath, Boolean checkHost)
   at System.IO.FileStream..ctor(String path, FileMode mode, FileAccess access, FileShare share, Int32 bufferSize, FileOptions options, String msgPath, Boolean bFromProxy, Boolean useLongPath, Boolean checkHost)
   at System.IO.StreamReader..ctor(String path, Encoding encoding, Boolean detectEncodingFromByteOrderMarks, Int32 bufferSize, Boolean checkHost)
   at System.IO.StreamReader..ctor(String path)
   at WeatherService.Controllers.WeatherServiceController.GetDataFromCsvFile(String fileName) in C:\Users\nshete\Documents\Visual Studio 2017\Projects\WeatherService\WeatherService\Controllers\WeatherServiceController.cs:line 82
2019-06-02 15:55:22,218 [14] ERROR WeatherService.Controllers.WeatherServiceController - Error ocurred in GetWeather Data Method
System.IO.FileNotFoundException: Could not find file 'C:\outputfolder\'citylist.csv'.csv'.
File name: 'C:\outputfolder\'citylist.csv'.csv'
   at WeatherService.Controllers.WeatherServiceController.GetDataFromCsvFile(String fileName) in C:\Users\nshete\Documents\Visual Studio 2017\Projects\WeatherService\WeatherService\Controllers\WeatherServiceController.cs:line 99
   at WeatherService.Controllers.WeatherServiceController.<GetWeatherData>d__1.MoveNext() in C:\Users\nshete\Documents\Visual Studio 2017\Projects\WeatherService\WeatherService\Controllers\WeatherServiceController.cs:line 34
2019-06-02 15:56:07,479 [10] ERROR WeatherService.Controllers.WeatherServiceController - Error ocurred in GetDataFromCsvFile Method
System.IO.FileNotFoundException: Could not find file 'C:\outputfolder\'citylist.csv'.csv'.
File name: 'C:\outputfolder\'citylist.csv'.csv'
   at System.IO.__Error.WinIOError(Int32 errorCode, String maybeFullPath)
   at System.IO.FileStream.Init(String path, FileMode mode, FileAccess access, Int32 rights, Boolean useRights, FileShare share, Int32 bufferSize, FileOptions options, SECURITY_ATTRIBUTES secAttrs, String msgPath, Boolean bFromProxy, Boolean useLongPath, Boolean checkHost)
   at System.IO.FileStream..ctor(String path, FileMode mode, FileAccess access, FileShare share, Int32 bufferSize, FileOptions options, String msgPath, Boolean bFromProxy, Boolean useLongPath, Boolean checkHost)
   at System.IO.StreamReader..ctor(String path, Encoding encoding, Boolean detectEncodingFromByteOrderMarks, Int32 bufferSize, Boolean checkHost)
   at System.IO.StreamReader..ctor(String path)
   at WeatherService.Controllers.WeatherServiceController.GetDataFromCsvFile(String fileName) in C:\Users\nshete\Documents\Visual Studio 2017\Projects\WeatherService\WeatherService\Controllers\WeatherServiceController.cs:line 82
2019-06-02 15:56:07,507 [10] ERROR WeatherService.Controllers.WeatherServiceController - Error ocurred in GetWeather Data Method
System.IO.FileNotFoundException: Could not find file 'C:\outputfolder\'citylist.csv'.csv'.
File name: 'C:\outputfolder\'citylist.csv'.csv'
   at WeatherService.Controllers.WeatherServiceController.GetDataFromCsvFile(String fileName) in C:\Users\nshete\Documents\Visual Studio 2017\Projects\WeatherService\WeatherService\Controllers\WeatherServiceController.cs:line 99
   at WeatherService.Controllers.WeatherServiceController.<GetWeatherData>d__1.MoveNext() in C:\Users\nshete\Documents\Visual Studio 2017\Projects\WeatherService\WeatherService\Controllers\WeatherServiceController.cs:line 34
